SF:lib/main.dart
DA:4,0
DA:5,0
DA:9,1
DA:11,1
DA:13,1
DA:16,1
DA:18,1
LF:7
LH:5
end_of_record
SF:lib/screens/user_list_screen.dart
DA:9,1
DA:11,1
DA:12,1
DA:19,1
DA:21,1
DA:22,1
DA:25,1
DA:26,2
DA:28,3
DA:32,1
DA:34,1
DA:35,1
DA:36,1
DA:37,0
DA:39,0
DA:44,1
DA:45,1
DA:46,1
DA:47,2
DA:49,0
DA:50,0
DA:51,0
DA:52,0
DA:54,0
DA:56,0
DA:57,0
DA:58,0
DA:59,0
DA:61,0
DA:62,0
DA:63,0
DA:64,0
LF:32
LH:17
end_of_record
SF:lib/models/user.dart
DA:10,0
DA:21,0
DA:22,0
DA:23,0
DA:24,0
DA:26,0
DA:27,0
DA:29,0
DA:30,0
DA:31,0
DA:32,0
DA:37,0
DA:38,0
DA:39,0
DA:40,0
DA:43,0
DA:44,0
DA:46,0
DA:47,0
DA:48,0
DA:51,0
DA:54,0
DA:58,0
DA:59,0
DA:60,0
LF:25
LH:0
end_of_record
SF:lib/screens/user_detail_screen.dart
DA:7,0
DA:9,0
DA:11,0
DA:12,0
DA:13,0
DA:15,0
DA:17,0
DA:18,0
DA:19,0
DA:20,0
DA:22,0
DA:25,0
DA:26,0
DA:27,0
DA:28,0
DA:29,0
DA:30,0
DA:31,0
DA:39,0
DA:40,0
DA:42,0
DA:44,0
DA:46,0
DA:47,0
DA:55,0
DA:62,0
DA:63,0
DA:65,0
DA:67,0
DA:68,0
DA:70,0
DA:78,0
LF:32
LH:0
end_of_record
SF:lib/services/api_service.dart
DA:9,1
DA:11,2
DA:12,1
DA:14,2
DA:15,0
DA:16,0
DA:18,0
DA:19,0
DA:21,3
DA:24,2
DA:29,0
DA:30,0
LF:12
LH:6
end_of_record
SF:lib/widgets/error_message.dart
DA:7,0
DA:9,0
DA:11,0
DA:12,0
DA:14,0
DA:15,0
DA:16,0
DA:17,0
DA:19,0
DA:21,0
DA:22,0
DA:24,0
DA:26,0
DA:27,0
LF:14
LH:0
end_of_record
SF:lib/widgets/user_card.dart
DA:9,0
DA:11,0
DA:13,0
DA:16,0
DA:18,0
DA:19,0
DA:20,0
DA:22,0
DA:24,0
DA:25,0
DA:29,0
DA:30,0
DA:33,0
DA:35,0
DA:37,0
DA:39,0
DA:42,0
DA:43,0
DA:45,0
DA:46,0
LF:20
LH:0
end_of_record
